<?xml version="1.0" encoding="UTF-8"?>
<!-- Generated by org.testng.reporters.JUnitReportReporter -->
<testsuite hostname="DESKTOP-IB8VU3R" failures="0" tests="1" name="testcases.tc002_account_login" time="2.386" errors="0" timestamp="2024-09-28T12:52:59 IST" skipped="0">
  <testcase classname="testcases.tc002_account_login" name="verify_login" time="2.386"/>
</testsuite> <!-- testcases.tc002_account_login -->
