<?xml version="1.0" encoding="UTF-8"?>
<!-- Generated by org.testng.reporters.JUnitReportReporter -->
<testsuite hostname="DESKTOP-IB8VU3R" failures="0" tests="3" name="testcases.tc003_loginDDT" time="24.506" errors="0" timestamp="2024-09-26T18:27:00 IST" skipped="0">
  <testcase classname="testcases.tc003_loginDDT" name="verifyloginDDt" time="1.996"/>
  <testcase classname="testcases.tc003_loginDDT" name="verifyloginDDt" time="11.293"/>
  <testcase classname="testcases.tc003_loginDDT" name="verifyloginDDt" time="11.217"/>
</testsuite> <!-- testcases.tc003_loginDDT -->
