<?xml version="1.0" encoding="UTF-8"?>
<!-- Generated by org.testng.reporters.JUnitReportReporter -->
<testsuite hostname="DESKTOP-IB8VU3R" failures="0" tests="1" name="testcases.tc001_AccountRegistrationTest" time="3.264" errors="0" timestamp="2024-09-28T12:52:59 IST" skipped="0">
  <testcase classname="testcases.tc001_AccountRegistrationTest" name="verify_account_registrartion" time="3.264"/>
</testsuite> <!-- testcases.tc001_AccountRegistrationTest -->
